\BOOKMARK [1][-]{section.1}{\334bersicht}{}% 1
\BOOKMARK [1][-]{section.2}{Quickstart}{}% 2
\BOOKMARK [2][-]{subsection.2.1}{Installation}{section.2}% 3
\BOOKMARK [2][-]{subsection.2.2}{Benutzung}{section.2}% 4
\BOOKMARK [2][-]{subsection.2.3}{Hinweise}{section.2}% 5
\BOOKMARK [1][-]{section.3}{Installation}{}% 6
\BOOKMARK [1][-]{section.4}{Das Programm starten}{}% 7
\BOOKMARK [2][-]{subsection.4.1}{Zu alte JRE Version}{section.4}% 8
\BOOKMARK [1][-]{section.5}{Die grafische Oberfl\344che}{}% 9
\BOOKMARK [2][-]{subsection.5.1}{Die Toolbar}{section.5}% 10
\BOOKMARK [3][-]{subsubsection.5.1.1}{Datei}{subsection.5.1}% 11
\BOOKMARK [3][-]{subsubsection.5.1.2}{Bearbeiten}{subsection.5.1}% 12
\BOOKMARK [3][-]{subsubsection.5.1.3}{Ausf\374hren}{subsection.5.1}% 13
\BOOKMARK [3][-]{subsubsection.5.1.4}{Abgabe}{subsection.5.1}% 14
\BOOKMARK [3][-]{subsubsection.5.1.5}{?}{subsection.5.1}% 15
\BOOKMARK [2][-]{subsection.5.2}{\334bung}{section.5}% 16
\BOOKMARK [3][-]{subsubsection.5.2.1}{Aufgaben}{subsection.5.2}% 17
\BOOKMARK [3][-]{subsubsection.5.2.2}{SQL}{subsection.5.2}% 18
\BOOKMARK [3][-]{subsubsection.5.2.3}{Men\374leiste}{subsection.5.2}% 19
\BOOKMARK [2][-]{subsection.5.3}{Einstellung}{section.5}% 20
\BOOKMARK [3][-]{subsubsection.5.3.1}{Datenbank}{subsection.5.3}% 21
\BOOKMARK [3][-]{subsubsection.5.3.2}{Student}{subsection.5.3}% 22
\BOOKMARK [2][-]{subsection.5.4}{Ausgabe}{section.5}% 23
